<?xml version="1.0" encoding="UTF-8"?>
<!-- Generated by org.testng.reporters.JUnitReportReporter -->
<testsuite skipped="0" hostname="DESKTOP-0BH9N96" name="com.testpages.LoginPageTest" tests="1" failures="0" timestamp="2023-02-16T07:15:49 IST" time="5.972" errors="0">
  <testcase name="doLogin" time="5.972" classname="com.testpages.LoginPageTest"/>
  <system-out/>
</testsuite> <!-- com.testpages.LoginPageTest -->
