<?xml version="1.0" encoding="UTF-8"?>
<!-- Generated by org.testng.reporters.JUnitReportReporter -->
<testsuite skipped="0" hostname="DESKTOP-0BH9N96" name="com.testpages.RegistrationPageTest" tests="1" failures="0" timestamp="2023-01-23T21:16:02 IST" time="6.616" errors="0">
  <testcase name="registrationFromWithValidData" time="6.616" classname="com.testpages.RegistrationPageTest"/>
  <system-out/>
</testsuite> <!-- com.testpages.RegistrationPageTest -->
