<?xml version="1.0" encoding="UTF-8"?>
<!-- Generated by org.testng.reporters.JUnitReportReporter -->
<testsuite skipped="0" hostname="DESKTOP-0BH9N96" name="com.browserStack.BrowserStack" tests="1" failures="0" timestamp="2023-01-25T20:56:15 IST" time="21.206" errors="0">
  <testcase name="setup" time="21.206" classname="com.browserStack.BrowserStack"/>
  <system-out/>
</testsuite> <!-- com.browserStack.BrowserStack -->
