<?xml version="1.0" encoding="UTF-8"?>
<!-- Generated by org.testng.reporters.JUnitReportReporter -->
<testsuite skipped="0" hostname="DESKTOP-0BH9N96" name="com.testpages.LandingPageTest" tests="1" failures="0" timestamp="2023-02-16T07:15:49 IST" time="2.974" errors="0">
  <testcase name="redirectionOnRegisterPage" time="2.974" classname="com.testpages.LandingPageTest"/>
  <system-out/>
</testsuite> <!-- com.testpages.LandingPageTest -->
